<!DOCTYPE html>
<html>
<head>
    <title>Unittest Results</title>
    <meta charset="utf-8">
    <meta name="viewport" content="width=device-width, initial-scale=1.0">
    <link rel="stylesheet" href="https://maxcdn.bootstrapcdn.com/bootstrap/3.3.6/css/bootstrap.min.css" integrity="sha384-1q8mTJOASx8j1Au+a5WDVnPi2lkFfwwEAa8hDDdjZlpLegxhjVME1fgjWPGmkzs7" crossorigin="anonymous">
</head>
<body>
    <div class="container">
        <div class="row">
            <div class="col-xs-12">
                <h2 class="text-capitalize">Unittest Results</h2>
                <p class='attribute'><strong>Start Time: </strong>2025-03-03 12:08:06</p>
                <p class='attribute'><strong>Duration: </strong>3.48 s</p>
                <p class='attribute'><strong>Summary: </strong>Total: 1, Pass: 0, Error: 1</p>
            </div>
        </div>
        <div class="row">
            <div class="col-xs-12 col-sm-10 col-md-10">
                <table class='table table-hover table-responsive'>
                    <thead>
                        <tr>
                            <th>__main__.demoqa_check_box_test</th>
                            <th>Status</th>
                            <th></th>
                        </tr>
                    </thead>
                    <tbody>
                        <tr class='warning'>
                            <td class="col-xs-10">test_input</td>
                            <td class="col-xs-1">
                                <span class="label label-warning" style="display:block;width:40px;">Error</span>
                            </td>
                            <td class="col-xs-1">
                                <button class="btn btn-default btn-xs">View</button>
                            </td>
                        </tr>
                        <tr style="display:none;">
                            <td class="col-xs-9" colspan="3"><p style="color:maroon;">SessionNotCreatedException: Message: session not created: This version of ChromeDriver only supports Chrome version 135
Current browser version is 133.0.6943.142 with binary path C:\Program Files\Google\Chrome\Application\chrome.exe
Stacktrace:
	GetHandleVerifier [0x00007FF7EF03F255+25797]
	(No symbol) [0x00007FF7EEFA55E0]
	(No symbol) [0x00007FF7EEE3917A]
	(No symbol) [0x00007FF7EEE7CDFF]
	(No symbol) [0x00007FF7EEE7BE4B]
	(No symbol) [0x00007FF7EEE76118]
	(No symbol) [0x00007FF7EEE716ED]
	(No symbol) [0x00007FF7EEEC519B]
	(No symbol) [0x00007FF7EEEC4770]
	(No symbol) [0x00007FF7EEEB6CE3]
	(No symbol) [0x00007FF7EEE80028]
	(No symbol) [0x00007FF7EEE80D93]
	GetHandleVerifier [0x00007FF7EF3A598D+3591165]
	GetHandleVerifier [0x00007FF7EF3BC222+3683474]
	GetHandleVerifier [0x00007FF7EF3B1313+3638659]
	GetHandleVerifier [0x00007FF7EF10C91A+867210]
	(No symbol) [0x00007FF7EEFB057F]
	(No symbol) [0x00007FF7EEFAC074]
	(No symbol) [0x00007FF7EEFAC222]
	(No symbol) [0x00007FF7EEF9B429]
	BaseThreadInitThunk [0x00007FF8C08DE8D7+23]
	RtlUserThreadStart [0x00007FF8C0DBBF2C+44]
</p><p style="color:maroon;">Traceback (most recent call last):
  File "d:\kiemthu\e-commerce-for-test-automation\tests\test_demoqa_check_box.py", line 26, in setUp
    self.driver = BrowserSetup.get_driver()
                  ~~~~~~~~~~~~~~~~~~~~~~~^^
  File "d:\kiemthu\e-commerce-for-test-automation\utils\browser_setup.py", line 18, in get_driver
    driver = webdriver.Chrome(service=service)
  File "C:\Users\Admin\AppData\Local\Programs\Python\Python313\Lib\site-packages\selenium\webdriver\chrome\webdriver.py", line 45, in __init__
    super().__init__(
    ~~~~~~~~~~~~~~~~^
        browser_name=DesiredCapabilities.CHROME["browserName"],
        ^^^^^^^^^^^^^^^^^^^^^^^^^^^^^^^^^^^^^^^^^^^^^^^^^^^^^^^
    ...<3 lines>...
        keep_alive=keep_alive,
        ^^^^^^^^^^^^^^^^^^^^^^
    )
    ^
  File "C:\Users\Admin\AppData\Local\Programs\Python\Python313\Lib\site-packages\selenium\webdriver\chromium\webdriver.py", line 66, in __init__
    super().__init__(command_executor=executor, options=options)
    ~~~~~~~~~~~~~~~~^^^^^^^^^^^^^^^^^^^^^^^^^^^^^^^^^^^^^^^^^^^^
  File "C:\Users\Admin\AppData\Local\Programs\Python\Python313\Lib\site-packages\selenium\webdriver\remote\webdriver.py", line 250, in __init__
    self.start_session(capabilities)
    ~~~~~~~~~~~~~~~~~~^^^^^^^^^^^^^^
  File "C:\Users\Admin\AppData\Local\Programs\Python\Python313\Lib\site-packages\selenium\webdriver\remote\webdriver.py", line 342, in start_session
    response = self.execute(Command.NEW_SESSION, caps)["value"]
               ~~~~~~~~~~~~^^^^^^^^^^^^^^^^^^^^^^^^^^^
  File "C:\Users\Admin\AppData\Local\Programs\Python\Python313\Lib\site-packages\selenium\webdriver\remote\webdriver.py", line 429, in execute
    self.error_handler.check_response(response)
    ~~~~~~~~~~~~~~~~~~~~~~~~~~~~~~~~~^^^^^^^^^^
  File "C:\Users\Admin\AppData\Local\Programs\Python\Python313\Lib\site-packages\selenium\webdriver\remote\errorhandler.py", line 232, in check_response
    raise exception_class(message, screen, stacktrace)
selenium.common.exceptions.SessionNotCreatedException: Message: session not created: This version of ChromeDriver only supports Chrome version 135
Current browser version is 133.0.6943.142 with binary path C:\Program Files\Google\Chrome\Application\chrome.exe
Stacktrace:
	GetHandleVerifier [0x00007FF7EF03F255+25797]
	(No symbol) [0x00007FF7EEFA55E0]
	(No symbol) [0x00007FF7EEE3917A]
	(No symbol) [0x00007FF7EEE7CDFF]
	(No symbol) [0x00007FF7EEE7BE4B]
	(No symbol) [0x00007FF7EEE76118]
	(No symbol) [0x00007FF7EEE716ED]
	(No symbol) [0x00007FF7EEEC519B]
	(No symbol) [0x00007FF7EEEC4770]
	(No symbol) [0x00007FF7EEEB6CE3]
	(No symbol) [0x00007FF7EEE80028]
	(No symbol) [0x00007FF7EEE80D93]
	GetHandleVerifier [0x00007FF7EF3A598D+3591165]
	GetHandleVerifier [0x00007FF7EF3BC222+3683474]
	GetHandleVerifier [0x00007FF7EF3B1313+3638659]
	GetHandleVerifier [0x00007FF7EF10C91A+867210]
	(No symbol) [0x00007FF7EEFB057F]
	(No symbol) [0x00007FF7EEFAC074]
	(No symbol) [0x00007FF7EEFAC222]
	(No symbol) [0x00007FF7EEF9B429]
	BaseThreadInitThunk [0x00007FF8C08DE8D7+23]
	RtlUserThreadStart [0x00007FF8C0DBBF2C+44]

</p>
                            </td>
                        </tr>
                        <tr>
                            <td colspan="3">
                                Total: 1, Pass: 0, Error: 1 -- Duration: 3.48 s
                            </td>
                        </tr>
                    </tbody>
                </table>
            </div>
        </div>
    </div>
    <script src="https://ajax.googleapis.com/ajax/libs/jquery/2.2.4/jquery.min.js"></script>
    <script type="text/javascript">
        $(document).ready(function(){
            $('td').on('click', '.btn', function(e){
                e.preventDefault();
                e.stopImmediatePropagation();
                var $this = $(this);
                var $nextRow = $this.closest('tr').next('tr');
                $nextRow.slideToggle("fast");
                $this.text(function(i, text){
                    if (text === 'View') {
                        return 'Hide';
                    } else {
                        return 'View';
                    };
                });
            });
        });
    </script>
</body>
</html